<?xml version="1.0" encoding="UTF-8"?>
<testsuite name="com.jojoidu.book.springboot.domain.posts.PostsResitoryTest" tests="1" skipped="0" failures="0" errors="0" timestamp="2021-06-21T06:48:36" hostname="DESKTOP-MDVIM1C" time="0.391">
  <properties/>
  <testcase name="Table_SetLoad" classname="com.jojoidu.book.springboot.domain.posts.PostsResitoryTest" time="0.391"/>
  <system-out><![CDATA[15:48:32.107 [Test worker] DEBUG org.springframework.test.context.junit4.SpringJUnit4ClassRunner - SpringJUnit4ClassRunner constructor called with [class com.jojoidu.book.springboot.domain.posts.PostsResitoryTest]
15:48:32.114 [Test worker] DEBUG org.springframework.test.context.BootstrapUtils - Instantiating CacheAwareContextLoaderDelegate from class [org.springframework.test.context.cache.DefaultCacheAwareContextLoaderDelegate]
15:48:32.123 [Test worker] DEBUG org.springframework.test.context.BootstrapUtils - Instantiating BootstrapContext using constructor [public org.springframework.test.context.support.DefaultBootstrapContext(java.lang.Class,org.springframework.test.context.CacheAwareContextLoaderDelegate)]
15:48:32.138 [Test worker] DEBUG org.springframework.test.context.BootstrapUtils - Instantiating TestContextBootstrapper for test class [com.jojoidu.book.springboot.domain.posts.PostsResitoryTest] from class [org.springframework.boot.test.context.SpringBootTestContextBootstrapper]
15:48:32.149 [Test worker] INFO org.springframework.boot.test.context.SpringBootTestContextBootstrapper - Neither @ContextConfiguration nor @ContextHierarchy found for test class [com.jojoidu.book.springboot.domain.posts.PostsResitoryTest], using SpringBootContextLoader
15:48:32.152 [Test worker] DEBUG org.springframework.test.context.support.AbstractContextLoader - Did not detect default resource location for test class [com.jojoidu.book.springboot.domain.posts.PostsResitoryTest]: class path resource [com/jojoidu/book/springboot/domain/posts/PostsResitoryTest-context.xml] does not exist
15:48:32.152 [Test worker] DEBUG org.springframework.test.context.support.AbstractContextLoader - Did not detect default resource location for test class [com.jojoidu.book.springboot.domain.posts.PostsResitoryTest]: class path resource [com/jojoidu/book/springboot/domain/posts/PostsResitoryTestContext.groovy] does not exist
15:48:32.152 [Test worker] INFO org.springframework.test.context.support.AbstractContextLoader - Could not detect default resource locations for test class [com.jojoidu.book.springboot.domain.posts.PostsResitoryTest]: no resource found for suffixes {-context.xml, Context.groovy}.
15:48:32.153 [Test worker] INFO org.springframework.test.context.support.AnnotationConfigContextLoaderUtils - Could not detect default configuration classes for test class [com.jojoidu.book.springboot.domain.posts.PostsResitoryTest]: PostsResitoryTest does not declare any static, non-private, non-final, nested classes annotated with @Configuration.
15:48:32.186 [Test worker] DEBUG org.springframework.test.context.support.ActiveProfilesUtils - Could not find an 'annotation declaring class' for annotation type [org.springframework.test.context.ActiveProfiles] and class [com.jojoidu.book.springboot.domain.posts.PostsResitoryTest]
15:48:32.247 [Test worker] DEBUG org.springframework.context.annotation.ClassPathScanningCandidateComponentProvider - Identified candidate component class: file [D:\OneDrive - knou.ac.kr\Backend\InteliJ\SourceCode\build\classes\java\test\com\jojoidu\book\springboot\Application.class]
15:48:32.248 [Test worker] DEBUG org.springframework.context.annotation.ClassPathScanningCandidateComponentProvider - Identified candidate component class: file [D:\OneDrive - knou.ac.kr\Backend\InteliJ\SourceCode\build\classes\java\main\com\jojoidu\book\springboot\Application.class]
15:48:32.250 [Test worker] INFO org.springframework.boot.test.context.SpringBootTestContextBootstrapper - Found @SpringBootConfiguration com.jojoidu.book.springboot.Application for test class com.jojoidu.book.springboot.domain.posts.PostsResitoryTest
15:48:32.333 [Test worker] DEBUG org.springframework.boot.test.context.SpringBootTestContextBootstrapper - @TestExecutionListeners is not present for class [com.jojoidu.book.springboot.domain.posts.PostsResitoryTest]: using defaults.
15:48:32.334 [Test worker] INFO org.springframework.boot.test.context.SpringBootTestContextBootstrapper - Loaded default TestExecutionListener class names from location [META-INF/spring.factories]: [org.springframework.boot.test.autoconfigure.restdocs.RestDocsTestExecutionListener, org.springframework.boot.test.autoconfigure.web.client.MockRestServiceServerResetTestExecutionListener, org.springframework.boot.test.autoconfigure.web.servlet.MockMvcPrintOnlyOnFailureTestExecutionListener, org.springframework.boot.test.autoconfigure.web.servlet.WebDriverTestExecutionListener, org.springframework.boot.test.mock.mockito.MockitoTestExecutionListener, org.springframework.boot.test.mock.mockito.ResetMocksTestExecutionListener, org.springframework.test.context.web.ServletTestExecutionListener, org.springframework.test.context.support.DirtiesContextBeforeModesTestExecutionListener, org.springframework.test.context.support.DependencyInjectionTestExecutionListener, org.springframework.test.context.support.DirtiesContextTestExecutionListener, org.springframework.test.context.transaction.TransactionalTestExecutionListener, org.springframework.test.context.jdbc.SqlScriptsTestExecutionListener]
15:48:32.350 [Test worker] INFO org.springframework.boot.test.context.SpringBootTestContextBootstrapper - Using TestExecutionListeners: [org.springframework.test.context.web.ServletTestExecutionListener@54cf3ad2, org.springframework.test.context.support.DirtiesContextBeforeModesTestExecutionListener@513119cf, org.springframework.boot.test.mock.mockito.MockitoTestExecutionListener@4ec53233, org.springframework.boot.test.autoconfigure.SpringBootDependencyInjectionTestExecutionListener@7713486e, org.springframework.test.context.support.DirtiesContextTestExecutionListener@5a27e5f4, org.springframework.test.context.transaction.TransactionalTestExecutionListener@381601e, org.springframework.test.context.jdbc.SqlScriptsTestExecutionListener@64328ef7, org.springframework.boot.test.autoconfigure.restdocs.RestDocsTestExecutionListener@90fea27, org.springframework.boot.test.autoconfigure.web.client.MockRestServiceServerResetTestExecutionListener@6ce2a6b7, org.springframework.boot.test.autoconfigure.web.servlet.MockMvcPrintOnlyOnFailureTestExecutionListener@64ebaaa5, org.springframework.boot.test.autoconfigure.web.servlet.WebDriverTestExecutionListener@145ed5f9, org.springframework.boot.test.mock.mockito.ResetMocksTestExecutionListener@62764b87]
15:48:32.353 [Test worker] DEBUG org.springframework.test.annotation.ProfileValueUtils - Retrieved @ProfileValueSourceConfiguration [null] for test class [com.jojoidu.book.springboot.domain.posts.PostsResitoryTest]
15:48:32.353 [Test worker] DEBUG org.springframework.test.annotation.ProfileValueUtils - Retrieved ProfileValueSource type [class org.springframework.test.annotation.SystemProfileValueSource] for class [com.jojoidu.book.springboot.domain.posts.PostsResitoryTest]
15:48:32.356 [Test worker] DEBUG org.springframework.test.annotation.ProfileValueUtils - Retrieved @ProfileValueSourceConfiguration [null] for test class [com.jojoidu.book.springboot.domain.posts.PostsResitoryTest]
15:48:32.356 [Test worker] DEBUG org.springframework.test.annotation.ProfileValueUtils - Retrieved ProfileValueSource type [class org.springframework.test.annotation.SystemProfileValueSource] for class [com.jojoidu.book.springboot.domain.posts.PostsResitoryTest]
15:48:32.357 [Test worker] DEBUG org.springframework.test.annotation.ProfileValueUtils - Retrieved @ProfileValueSourceConfiguration [null] for test class [com.jojoidu.book.springboot.domain.posts.PostsResitoryTest]
15:48:32.357 [Test worker] DEBUG org.springframework.test.annotation.ProfileValueUtils - Retrieved ProfileValueSource type [class org.springframework.test.annotation.SystemProfileValueSource] for class [com.jojoidu.book.springboot.domain.posts.PostsResitoryTest]
15:48:32.360 [Test worker] DEBUG org.springframework.test.context.support.AbstractDirtiesContextTestExecutionListener - Before test class: context [DefaultTestContext@5ae534f6 testClass = PostsResitoryTest, testInstance = [null], testMethod = [null], testException = [null], mergedContextConfiguration = [WebMergedContextConfiguration@6da574fb testClass = PostsResitoryTest, locations = '{}', classes = '{class com.jojoidu.book.springboot.Application}', contextInitializerClasses = '[]', activeProfiles = '{}', propertySourceLocations = '{}', propertySourceProperties = '{org.springframework.boot.test.context.SpringBootTestContextBootstrapper=true}', contextCustomizers = set[org.springframework.boot.test.autoconfigure.properties.PropertyMappingContextCustomizer@0, org.springframework.boot.test.autoconfigure.web.servlet.WebDriverContextCustomizerFactory$Customizer@5c828014, org.springframework.boot.test.context.filter.ExcludeFilterContextCustomizer@6c812292, org.springframework.boot.test.json.DuplicateJsonObjectContextCustomizerFactory$DuplicateJsonObjectContextCustomizer@5acedd7d, org.springframework.boot.test.mock.mockito.MockitoContextCustomizer@0, org.springframework.boot.test.web.client.TestRestTemplateContextCustomizer@2a0ed42], resourceBasePath = 'src/main/webapp', contextLoader = 'org.springframework.boot.test.context.SpringBootContextLoader', parent = [null]], attributes = map['org.springframework.test.context.web.ServletTestExecutionListener.activateListener' -> true]], class annotated with @DirtiesContext [false] with mode [null].
15:48:32.361 [Test worker] DEBUG org.springframework.test.annotation.ProfileValueUtils - Retrieved @ProfileValueSourceConfiguration [null] for test class [com.jojoidu.book.springboot.domain.posts.PostsResitoryTest]
15:48:32.361 [Test worker] DEBUG org.springframework.test.annotation.ProfileValueUtils - Retrieved ProfileValueSource type [class org.springframework.test.annotation.SystemProfileValueSource] for class [com.jojoidu.book.springboot.domain.posts.PostsResitoryTest]
15:48:32.382 [Test worker] DEBUG org.springframework.test.context.support.TestPropertySourceUtils - Adding inlined properties to environment: {spring.jmx.enabled=false, org.springframework.boot.test.context.SpringBootTestContextBootstrapper=true, server.port=-1}

  .   ____          _            __ _ _
 /\\ / ___'_ __ _ _(_)_ __  __ _ \ \ \ \
( ( )\___ | '_ | '_| | '_ \/ _` | \ \ \ \
 \\/  ___)| |_)| | | | | || (_| |  ) ) ) )
  '  |____| .__|_| |_|_| |_\__, | / / / /
 =========|_|==============|___/=/_/_/_/
 :: Spring Boot ::        (v2.1.7.RELEASE)

2021-06-21 15:48:32.586  INFO 21796 --- [    Test worker] c.j.b.s.domain.posts.PostsResitoryTest   : Starting PostsResitoryTest on DESKTOP-MDVIM1C with PID 21796 (started by akdl4 in D:\OneDrive - knou.ac.kr\Backend\InteliJ\SourceCode)
2021-06-21 15:48:32.587  INFO 21796 --- [    Test worker] c.j.b.s.domain.posts.PostsResitoryTest   : No active profile set, falling back to default profiles: default
2021-06-21 15:48:33.149  INFO 21796 --- [    Test worker] .s.d.r.c.RepositoryConfigurationDelegate : Bootstrapping Spring Data repositories in DEFAULT mode.
2021-06-21 15:48:33.215  INFO 21796 --- [    Test worker] .s.d.r.c.RepositoryConfigurationDelegate : Finished Spring Data repository scanning in 59ms. Found 1 repository interfaces.
2021-06-21 15:48:33.516  INFO 21796 --- [    Test worker] trationDelegate$BeanPostProcessorChecker : Bean 'org.springframework.transaction.annotation.ProxyTransactionManagementConfiguration' of type [org.springframework.transaction.annotation.ProxyTransactionManagementConfiguration$$EnhancerBySpringCGLIB$$b39837a] is not eligible for getting processed by all BeanPostProcessors (for example: not eligible for auto-proxying)
2021-06-21 15:48:33.690  INFO 21796 --- [    Test worker] com.zaxxer.hikari.HikariDataSource       : HikariPool-1 - Starting...
2021-06-21 15:48:33.853  INFO 21796 --- [    Test worker] com.zaxxer.hikari.HikariDataSource       : HikariPool-1 - Start completed.
2021-06-21 15:48:33.928  INFO 21796 --- [    Test worker] o.hibernate.jpa.internal.util.LogHelper  : HHH000204: Processing PersistenceUnitInfo [
	name: default
	...]
2021-06-21 15:48:34.004  INFO 21796 --- [    Test worker] org.hibernate.Version                    : HHH000412: Hibernate Core {5.3.10.Final}
2021-06-21 15:48:34.006  INFO 21796 --- [    Test worker] org.hibernate.cfg.Environment            : HHH000206: hibernate.properties not found
2021-06-21 15:48:34.153  INFO 21796 --- [    Test worker] o.hibernate.annotations.common.Version   : HCANN000001: Hibernate Commons Annotations {5.0.4.Final}
2021-06-21 15:48:34.308  INFO 21796 --- [    Test worker] org.hibernate.dialect.Dialect            : HHH000400: Using dialect: org.hibernate.dialect.MySQL5InnoDBDialect
Hibernate: drop table if exists posts
Hibernate: create table posts (id bigint not null auto_increment, author varchar(255), content TEXT not null, title varchar(500) not null, primary key (id)) engine=InnoDB
2021-06-21 15:48:34.882  INFO 21796 --- [    Test worker] o.h.t.schema.internal.SchemaCreatorImpl  : HHH000476: Executing import script 'org.hibernate.tool.schema.internal.exec.ScriptSourceInputNonExistentImpl@35896c91'
2021-06-21 15:48:34.886  INFO 21796 --- [    Test worker] j.LocalContainerEntityManagerFactoryBean : Initialized JPA EntityManagerFactory for persistence unit 'default'
2021-06-21 15:48:35.692  INFO 21796 --- [    Test worker] o.s.s.concurrent.ThreadPoolTaskExecutor  : Initializing ExecutorService 'applicationTaskExecutor'
2021-06-21 15:48:35.744  WARN 21796 --- [    Test worker] aWebConfiguration$JpaWebMvcConfiguration : spring.jpa.open-in-view is enabled by default. Therefore, database queries may be performed during view rendering. Explicitly configure spring.jpa.open-in-view to disable this warning
2021-06-21 15:48:36.067  INFO 21796 --- [    Test worker] c.j.b.s.domain.posts.PostsResitoryTest   : Started PostsResitoryTest in 3.678 seconds (JVM running for 4.521)
Hibernate: insert into posts (author, content, title) values (?, ?, ?)
2021-06-21 15:48:36.327  INFO 21796 --- [    Test worker] o.h.h.i.QueryTranslatorFactoryInitiator  : HHH000397: Using ASTQueryTranslatorFactory
Hibernate: select posts0_.id as id1_0_, posts0_.author as author2_0_, posts0_.content as content3_0_, posts0_.title as title4_0_ from posts posts0_
Hibernate: select posts0_.id as id1_0_, posts0_.author as author2_0_, posts0_.content as content3_0_, posts0_.title as title4_0_ from posts posts0_
Hibernate: delete from posts where id=?
]]></system-out>
  <system-err><![CDATA[]]></system-err>
</testsuite>
